13:31:57.268 [main] INFO  com.example.Application - Starting Application using Java 20.0.2 with PID 14740 (C:\Users\Asus\IdeaProjects\lab213\build\classes\java\main started by Asus in C:\Users\Asus\IdeaProjects\lab213)
 13:31:57.285 [main] INFO  com.example.Application - No active profile set, falling back to 1 default profile: "default"
 13:31:58.561 [main] INFO  o.s.d.r.c.RepositoryConfigurationDelegate - Bootstrapping Spring Data JPA repositories in DEFAULT mode.
 13:31:58.645 [main] INFO  o.s.d.r.c.RepositoryConfigurationDelegate - Finished Spring Data repository scanning in 71 ms. Found 2 JPA repository interfaces.
 13:32:00.436 [main] INFO  o.s.b.w.e.tomcat.TomcatWebServer - Tomcat initialized with port 8080 (http)
 13:32:00.458 [main] INFO  o.a.coyote.http11.Http11NioProtocol - Initializing ProtocolHandler ["http-nio-8080"]
 13:32:00.462 [main] INFO  o.a.catalina.core.StandardService - Starting service [Tomcat]
 13:32:00.463 [main] INFO  o.a.catalina.core.StandardEngine - Starting Servlet engine: [Apache Tomcat/10.1.19]
 13:32:00.619 [main] INFO  o.a.c.c.C.[Tomcat].[localhost].[/] - Initializing Spring embedded WebApplicationContext
 13:32:00.620 [main] INFO  o.s.b.w.s.c.ServletWebServerApplicationContext - Root WebApplicationContext: initialization completed in 3160 ms
 13:32:01.287 [main] INFO  o.h.jpa.internal.util.LogHelper - HHH000204: Processing PersistenceUnitInfo [name: default]
 13:32:01.471 [main] INFO  org.hibernate.Version - HHH000412: Hibernate ORM core version 6.4.4.Final
 13:32:01.559 [main] INFO  o.h.c.i.RegionFactoryInitiator - HHH000026: Second-level cache disabled
 13:32:02.075 [main] INFO  o.s.o.j.p.SpringPersistenceUnitInfo - No LoadTimeWeaver setup: ignoring JPA class transformer
 13:32:02.136 [main] INFO  com.zaxxer.hikari.HikariDataSource - HikariPool-1 - Starting...
 13:32:02.516 [main] INFO  com.zaxxer.hikari.pool.HikariPool - HikariPool-1 - Added connection org.postgresql.jdbc.PgConnection@63d3c9dc
 13:32:02.519 [main] INFO  com.zaxxer.hikari.HikariDataSource - HikariPool-1 - Start completed.
 13:32:02.602 [main] WARN  org.hibernate.orm.deprecation - HHH90000025: PostgreSQLDialect does not need to be specified explicitly using 'hibernate.dialect' (remove the property setting and it will be selected by default)
 13:32:04.756 [main] INFO  o.h.e.t.j.p.i.JtaPlatformInitiator - HHH000489: No JTA platform available (set 'hibernate.transaction.jta.platform' to enable JTA platform integration)
 13:32:04.906 [main] INFO  o.s.o.j.LocalContainerEntityManagerFactoryBean - Initialized JPA EntityManagerFactory for persistence unit 'default'
 13:32:05.767 [main] WARN  o.s.b.w.s.c.AnnotationConfigServletWebServerApplicationContext - Exception encountered during context initialization - cancelling refresh attempt: org.springframework.beans.factory.UnsatisfiedDependencyException: Error creating bean with name 'studentController': Unsatisfied dependency expressed through field 'studentService': Error creating bean with name 'studentServiceImpl' defined in file [C:\Users\Asus\IdeaProjects\lab213\build\classes\java\main\com\example\StudentServiceImpl.class]: Unsatisfied dependency expressed through constructor parameter 2: No qualifying bean of type 'com.example.EmailService' available: expected at least 1 bean which qualifies as autowire candidate. Dependency annotations: {}
 13:32:05.768 [main] INFO  o.s.o.j.LocalContainerEntityManagerFactoryBean - Closing JPA EntityManagerFactory for persistence unit 'default'
 13:32:05.770 [main] INFO  com.zaxxer.hikari.HikariDataSource - HikariPool-1 - Shutdown initiated...
 13:32:05.782 [main] INFO  com.zaxxer.hikari.HikariDataSource - HikariPool-1 - Shutdown completed.
 13:32:05.786 [main] INFO  o.a.catalina.core.StandardService - Stopping service [Tomcat]
 13:32:05.829 [main] INFO  o.s.b.a.l.ConditionEvaluationReportLogger - 

Error starting ApplicationContext. To display the condition evaluation report re-run your application with 'debug' enabled.
 13:32:05.872 [main] ERROR o.s.b.d.LoggingFailureAnalysisReporter - 

***************************
APPLICATION FAILED TO START
***************************

Description:

Parameter 2 of constructor in com.example.StudentServiceImpl required a bean of type 'com.example.EmailService' that could not be found.

The injection point has the following annotations:
	- @org.springframework.beans.factory.annotation.Autowired(required=true)


Action:

Consider defining a bean of type 'com.example.EmailService' in your configuration.

 13:33:57.330 [main] INFO  com.example.Application - Starting Application using Java 20.0.2 with PID 6832 (C:\Users\Asus\IdeaProjects\lab213\build\classes\java\main started by Asus in C:\Users\Asus\IdeaProjects\lab213)
 13:33:57.334 [main] INFO  com.example.Application - No active profile set, falling back to 1 default profile: "default"
 13:33:58.659 [main] INFO  o.s.d.r.c.RepositoryConfigurationDelegate - Bootstrapping Spring Data JPA repositories in DEFAULT mode.
 13:33:58.755 [main] INFO  o.s.d.r.c.RepositoryConfigurationDelegate - Finished Spring Data repository scanning in 83 ms. Found 2 JPA repository interfaces.
 13:34:00.569 [main] INFO  o.s.b.w.e.tomcat.TomcatWebServer - Tomcat initialized with port 8080 (http)
 13:34:00.588 [main] INFO  o.a.coyote.http11.Http11NioProtocol - Initializing ProtocolHandler ["http-nio-8080"]
 13:34:00.592 [main] INFO  o.a.catalina.core.StandardService - Starting service [Tomcat]
 13:34:00.592 [main] INFO  o.a.catalina.core.StandardEngine - Starting Servlet engine: [Apache Tomcat/10.1.19]
 13:34:00.702 [main] INFO  o.a.c.c.C.[Tomcat].[localhost].[/] - Initializing Spring embedded WebApplicationContext
 13:34:00.702 [main] INFO  o.s.b.w.s.c.ServletWebServerApplicationContext - Root WebApplicationContext: initialization completed in 3205 ms
 13:34:01.264 [main] INFO  o.h.jpa.internal.util.LogHelper - HHH000204: Processing PersistenceUnitInfo [name: default]
 13:34:01.399 [main] INFO  org.hibernate.Version - HHH000412: Hibernate ORM core version 6.4.4.Final
 13:34:01.464 [main] INFO  o.h.c.i.RegionFactoryInitiator - HHH000026: Second-level cache disabled
 13:34:01.928 [main] INFO  o.s.o.j.p.SpringPersistenceUnitInfo - No LoadTimeWeaver setup: ignoring JPA class transformer
 13:34:01.978 [main] INFO  com.zaxxer.hikari.HikariDataSource - HikariPool-1 - Starting...
 13:34:02.351 [main] INFO  com.zaxxer.hikari.pool.HikariPool - HikariPool-1 - Added connection org.postgresql.jdbc.PgConnection@309cf657
 13:34:02.354 [main] INFO  com.zaxxer.hikari.HikariDataSource - HikariPool-1 - Start completed.
 13:34:02.419 [main] WARN  org.hibernate.orm.deprecation - HHH90000025: PostgreSQLDialect does not need to be specified explicitly using 'hibernate.dialect' (remove the property setting and it will be selected by default)
 13:34:04.543 [main] INFO  o.h.e.t.j.p.i.JtaPlatformInitiator - HHH000489: No JTA platform available (set 'hibernate.transaction.jta.platform' to enable JTA platform integration)
 13:34:04.704 [main] INFO  o.s.o.j.LocalContainerEntityManagerFactoryBean - Initialized JPA EntityManagerFactory for persistence unit 'default'
 13:34:05.546 [main] WARN  o.s.b.a.o.j.JpaBaseConfiguration$JpaWebConfiguration - spring.jpa.open-in-view is enabled by default. Therefore, database queries may be performed during view rendering. Explicitly configure spring.jpa.open-in-view to disable this warning
 13:34:06.755 [main] INFO  o.s.b.a.e.web.EndpointLinksResolver - Exposing 1 endpoint(s) beneath base path '/actuator'
 13:34:06.878 [main] INFO  o.a.coyote.http11.Http11NioProtocol - Starting ProtocolHandler ["http-nio-8080"]
 13:34:06.938 [main] INFO  o.s.b.w.e.tomcat.TomcatWebServer - Tomcat started on port 8080 (http) with context path ''
 13:34:06.994 [main] INFO  com.example.Application - Started Application in 10.319 seconds (process running for 11.947)
 13:34:07.780 [RMI TCP Connection(3)-192.168.112.1] INFO  o.a.c.c.C.[Tomcat].[localhost].[/] - Initializing Spring DispatcherServlet 'dispatcherServlet'
 13:34:07.781 [RMI TCP Connection(3)-192.168.112.1] INFO  o.s.web.servlet.DispatcherServlet - Initializing Servlet 'dispatcherServlet'
 13:34:07.783 [RMI TCP Connection(3)-192.168.112.1] INFO  o.s.web.servlet.DispatcherServlet - Completed initialization in 2 ms
 13:34:13.455 [http-nio-8080-exec-1] INFO  com.example.GroupServiceImpl - Adding group with name: IKBO-20-22
 13:34:13.561 [http-nio-8080-exec-1] INFO  com.example.GroupServiceImpl - Group IKBO-20-22 created successfully!
 13:34:13.570 [http-nio-8080-exec-1] INFO  c.example.ExecutionTimeLoggerAspect - ResponseEntity com.example.GroupServiceImpl.addGroup(String) executed in 113 ms
 13:35:05.657 [http-nio-8080-exec-2] INFO  c.example.ExecutionTimeLoggerAspect - Before executing method: ResponseEntity com.example.StudentServiceImpl.addStudent(String,String,Long)
 13:35:05.658 [http-nio-8080-exec-2] INFO  com.example.StudentServiceImpl - Adding student with firstName: Vlad, lastName: Mihalkevitc, groupId: 1
 13:35:05.786 [http-nio-8080-exec-2] INFO  com.example.StudentServiceImpl - Student Vlad Mihalkevitc successfully created!
 13:35:06.836 [http-nio-8080-exec-2] INFO  c.example.ExecutionTimeLoggerAspect - ResponseEntity com.example.StudentServiceImpl.addStudent(String,String,Long) executed in 1180 ms
 13:35:06.836 [http-nio-8080-exec-2] INFO  c.example.ExecutionTimeLoggerAspect - After executing method: ResponseEntity com.example.StudentServiceImpl.addStudent(String,String,Long)
 13:47:59.115 [SpringApplicationShutdownHook] INFO  o.s.o.j.LocalContainerEntityManagerFactoryBean - Closing JPA EntityManagerFactory for persistence unit 'default'
 13:47:59.118 [SpringApplicationShutdownHook] INFO  com.zaxxer.hikari.HikariDataSource - HikariPool-1 - Shutdown initiated...
 13:47:59.131 [SpringApplicationShutdownHook] INFO  com.zaxxer.hikari.HikariDataSource - HikariPool-1 - Shutdown completed.
 13:48:10.013 [main] INFO  com.example.Application - Starting Application using Java 20.0.2 with PID 12204 (C:\Users\Asus\IdeaProjects\lab213\build\classes\java\main started by Asus in C:\Users\Asus\IdeaProjects\lab213)
 13:48:10.018 [main] INFO  com.example.Application - No active profile set, falling back to 1 default profile: "default"
 13:48:11.654 [main] INFO  o.s.d.r.c.RepositoryConfigurationDelegate - Bootstrapping Spring Data JPA repositories in DEFAULT mode.
 13:48:11.739 [main] INFO  o.s.d.r.c.RepositoryConfigurationDelegate - Finished Spring Data repository scanning in 71 ms. Found 2 JPA repository interfaces.
 13:48:13.544 [main] INFO  o.s.b.w.e.tomcat.TomcatWebServer - Tomcat initialized with port 8080 (http)
 13:48:13.563 [main] INFO  o.a.coyote.http11.Http11NioProtocol - Initializing ProtocolHandler ["http-nio-8080"]
 13:48:13.566 [main] INFO  o.a.catalina.core.StandardService - Starting service [Tomcat]
 13:48:13.566 [main] INFO  o.a.catalina.core.StandardEngine - Starting Servlet engine: [Apache Tomcat/10.1.19]
 13:48:13.678 [main] INFO  o.a.c.c.C.[Tomcat].[localhost].[/] - Initializing Spring embedded WebApplicationContext
 13:48:13.679 [main] INFO  o.s.b.w.s.c.ServletWebServerApplicationContext - Root WebApplicationContext: initialization completed in 3497 ms
 13:48:14.251 [main] INFO  o.h.jpa.internal.util.LogHelper - HHH000204: Processing PersistenceUnitInfo [name: default]
 13:48:14.373 [main] INFO  org.hibernate.Version - HHH000412: Hibernate ORM core version 6.4.4.Final
 13:48:14.440 [main] INFO  o.h.c.i.RegionFactoryInitiator - HHH000026: Second-level cache disabled
 13:48:15.027 [main] INFO  o.s.o.j.p.SpringPersistenceUnitInfo - No LoadTimeWeaver setup: ignoring JPA class transformer
 13:48:15.078 [main] INFO  com.zaxxer.hikari.HikariDataSource - HikariPool-1 - Starting...
 13:48:15.451 [main] INFO  com.zaxxer.hikari.pool.HikariPool - HikariPool-1 - Added connection org.postgresql.jdbc.PgConnection@31e22365
 13:48:15.454 [main] INFO  com.zaxxer.hikari.HikariDataSource - HikariPool-1 - Start completed.
 13:48:15.518 [main] WARN  org.hibernate.orm.deprecation - HHH90000025: PostgreSQLDialect does not need to be specified explicitly using 'hibernate.dialect' (remove the property setting and it will be selected by default)
 13:48:17.693 [main] INFO  o.h.e.t.j.p.i.JtaPlatformInitiator - HHH000489: No JTA platform available (set 'hibernate.transaction.jta.platform' to enable JTA platform integration)
 13:48:17.851 [main] INFO  o.s.o.j.LocalContainerEntityManagerFactoryBean - Initialized JPA EntityManagerFactory for persistence unit 'default'
 13:48:18.756 [main] WARN  o.s.b.a.o.j.JpaBaseConfiguration$JpaWebConfiguration - spring.jpa.open-in-view is enabled by default. Therefore, database queries may be performed during view rendering. Explicitly configure spring.jpa.open-in-view to disable this warning
 13:48:20.388 [main] INFO  o.s.b.a.e.web.EndpointLinksResolver - Exposing 1 endpoint(s) beneath base path '/actuator'
 13:48:20.635 [main] INFO  o.a.coyote.http11.Http11NioProtocol - Starting ProtocolHandler ["http-nio-8080"]
 13:48:20.676 [main] INFO  o.s.b.w.e.tomcat.TomcatWebServer - Tomcat started on port 8080 (http) with context path ''
 13:48:20.703 [main] INFO  com.example.Application - Started Application in 11.482 seconds (process running for 15.092)
 13:48:21.007 [RMI TCP Connection(2)-192.168.112.1] INFO  o.a.c.c.C.[Tomcat].[localhost].[/] - Initializing Spring DispatcherServlet 'dispatcherServlet'
 13:48:21.008 [RMI TCP Connection(2)-192.168.112.1] INFO  o.s.web.servlet.DispatcherServlet - Initializing Servlet 'dispatcherServlet'
 13:48:21.012 [RMI TCP Connection(2)-192.168.112.1] INFO  o.s.web.servlet.DispatcherServlet - Completed initialization in 3 ms
 13:48:26.291 [http-nio-8080-exec-1] INFO  com.example.GroupServiceImpl - Adding group with name: IKBO-20-22
 13:48:26.378 [http-nio-8080-exec-1] INFO  com.example.GroupServiceImpl - Group IKBO-20-22 created successfully!
 13:48:27.263 [http-nio-8080-exec-1] INFO  com.example.GroupServiceImpl - Email about IKBO-20-22 {} successfully send!
 13:48:27.271 [http-nio-8080-exec-1] INFO  c.example.ExecutionTimeLoggerAspect - ResponseEntity com.example.GroupServiceImpl.addGroup(String) executed in 978 ms
 13:48:31.289 [http-nio-8080-exec-2] INFO  c.example.ExecutionTimeLoggerAspect - Before executing method: ResponseEntity com.example.StudentServiceImpl.addStudent(String,String,Long)
 13:48:31.290 [http-nio-8080-exec-2] INFO  com.example.StudentServiceImpl - Adding student with firstName: Vlad, lastName: Mihalkevitc, groupId: 1
 13:48:31.396 [http-nio-8080-exec-2] INFO  com.example.StudentServiceImpl - Student Vlad Mihalkevitc successfully created!
 13:48:31.896 [http-nio-8080-exec-2] INFO  com.example.StudentServiceImpl - Email about Vlad Mihalkevitc successfully send!
 13:48:31.898 [http-nio-8080-exec-2] INFO  c.example.ExecutionTimeLoggerAspect - ResponseEntity com.example.StudentServiceImpl.addStudent(String,String,Long) executed in 609 ms
 13:48:31.899 [http-nio-8080-exec-2] INFO  c.example.ExecutionTimeLoggerAspect - After executing method: ResponseEntity com.example.StudentServiceImpl.addStudent(String,String,Long)
 13:53:30.486 [SpringApplicationShutdownHook] INFO  o.s.o.j.LocalContainerEntityManagerFactoryBean - Closing JPA EntityManagerFactory for persistence unit 'default'
 13:53:30.490 [SpringApplicationShutdownHook] INFO  com.zaxxer.hikari.HikariDataSource - HikariPool-1 - Shutdown initiated...
 13:53:30.507 [SpringApplicationShutdownHook] INFO  com.zaxxer.hikari.HikariDataSource - HikariPool-1 - Shutdown completed.
 13:53:38.857 [main] INFO  com.example.Application - Starting Application using Java 20.0.2 with PID 17424 (C:\Users\Asus\IdeaProjects\lab213\build\classes\java\main started by Asus in C:\Users\Asus\IdeaProjects\lab213)
 13:53:38.863 [main] INFO  com.example.Application - No active profile set, falling back to 1 default profile: "default"
 13:53:40.441 [main] INFO  o.s.d.r.c.RepositoryConfigurationDelegate - Bootstrapping Spring Data JPA repositories in DEFAULT mode.
 13:53:40.544 [main] INFO  o.s.d.r.c.RepositoryConfigurationDelegate - Finished Spring Data repository scanning in 88 ms. Found 2 JPA repository interfaces.
 13:53:43.152 [main] INFO  o.s.b.w.e.tomcat.TomcatWebServer - Tomcat initialized with port 8080 (http)
 13:53:43.174 [main] INFO  o.a.coyote.http11.Http11NioProtocol - Initializing ProtocolHandler ["http-nio-8080"]
 13:53:43.177 [main] INFO  o.a.catalina.core.StandardService - Starting service [Tomcat]
 13:53:43.178 [main] INFO  o.a.catalina.core.StandardEngine - Starting Servlet engine: [Apache Tomcat/10.1.19]
 13:53:43.305 [main] INFO  o.a.c.c.C.[Tomcat].[localhost].[/] - Initializing Spring embedded WebApplicationContext
 13:53:43.305 [main] INFO  o.s.b.w.s.c.ServletWebServerApplicationContext - Root WebApplicationContext: initialization completed in 4265 ms
 13:53:43.871 [main] INFO  o.h.jpa.internal.util.LogHelper - HHH000204: Processing PersistenceUnitInfo [name: default]
 13:53:44.044 [main] INFO  org.hibernate.Version - HHH000412: Hibernate ORM core version 6.4.4.Final
 13:53:44.124 [main] INFO  o.h.c.i.RegionFactoryInitiator - HHH000026: Second-level cache disabled
 13:53:44.648 [main] INFO  o.s.o.j.p.SpringPersistenceUnitInfo - No LoadTimeWeaver setup: ignoring JPA class transformer
 13:53:44.709 [main] INFO  com.zaxxer.hikari.HikariDataSource - HikariPool-1 - Starting...
 13:53:45.104 [main] INFO  com.zaxxer.hikari.pool.HikariPool - HikariPool-1 - Added connection org.postgresql.jdbc.PgConnection@f01fc6d
 13:53:45.107 [main] INFO  com.zaxxer.hikari.HikariDataSource - HikariPool-1 - Start completed.
 13:53:45.188 [main] WARN  org.hibernate.orm.deprecation - HHH90000025: PostgreSQLDialect does not need to be specified explicitly using 'hibernate.dialect' (remove the property setting and it will be selected by default)
 13:53:47.340 [main] INFO  o.h.e.t.j.p.i.JtaPlatformInitiator - HHH000489: No JTA platform available (set 'hibernate.transaction.jta.platform' to enable JTA platform integration)
 13:53:47.501 [main] INFO  o.s.o.j.LocalContainerEntityManagerFactoryBean - Initialized JPA EntityManagerFactory for persistence unit 'default'
 13:53:48.314 [main] WARN  o.s.b.a.o.j.JpaBaseConfiguration$JpaWebConfiguration - spring.jpa.open-in-view is enabled by default. Therefore, database queries may be performed during view rendering. Explicitly configure spring.jpa.open-in-view to disable this warning
 13:53:49.590 [main] INFO  o.s.b.a.e.web.EndpointLinksResolver - Exposing 1 endpoint(s) beneath base path '/actuator'
 13:53:49.701 [main] INFO  o.a.coyote.http11.Http11NioProtocol - Starting ProtocolHandler ["http-nio-8080"]
 13:53:49.747 [main] INFO  o.s.b.w.e.tomcat.TomcatWebServer - Tomcat started on port 8080 (http) with context path ''
 13:53:49.769 [main] INFO  com.example.Application - Started Application in 11.728 seconds (process running for 13.864)
 13:54:06.771 [http-nio-8080-exec-1] INFO  o.a.c.c.C.[Tomcat].[localhost].[/] - Initializing Spring DispatcherServlet 'dispatcherServlet'
 13:54:06.772 [http-nio-8080-exec-1] INFO  o.s.web.servlet.DispatcherServlet - Initializing Servlet 'dispatcherServlet'
 13:54:06.773 [http-nio-8080-exec-1] INFO  o.s.web.servlet.DispatcherServlet - Completed initialization in 1 ms
 13:54:06.882 [http-nio-8080-exec-1] INFO  com.example.GroupServiceImpl - Adding group with name: IKBO-20-22
 13:54:06.977 [http-nio-8080-exec-1] INFO  com.example.GroupServiceImpl - Group IKBO-20-22 created successfully!
 13:54:07.932 [http-nio-8080-exec-1] INFO  com.example.EmailService - Email sent successfully to: Mihalkevitc.23V@yandex.ru
 13:54:07.932 [http-nio-8080-exec-1] INFO  com.example.GroupServiceImpl - Email about IKBO-20-22 {} successfully send!
 13:54:07.940 [http-nio-8080-exec-1] INFO  c.example.ExecutionTimeLoggerAspect - ResponseEntity com.example.GroupServiceImpl.addGroup(String) executed in 1057 ms
 13:54:12.531 [http-nio-8080-exec-2] INFO  c.example.ExecutionTimeLoggerAspect - Before executing method: ResponseEntity com.example.StudentServiceImpl.addStudent(String,String,Long)
 13:54:12.531 [http-nio-8080-exec-2] INFO  com.example.StudentServiceImpl - Adding student with firstName: Vlad, lastName: Mihalkevitc, groupId: 1
 13:54:12.655 [http-nio-8080-exec-2] INFO  com.example.StudentServiceImpl - Student Vlad Mihalkevitc successfully created!
 13:54:13.086 [http-nio-8080-exec-2] INFO  com.example.EmailService - Email sent successfully to: Mihalkevitc.23V@yandex.ru
 13:54:13.087 [http-nio-8080-exec-2] INFO  com.example.StudentServiceImpl - Email about Vlad Mihalkevitc successfully send!
 13:54:13.087 [http-nio-8080-exec-2] INFO  c.example.ExecutionTimeLoggerAspect - ResponseEntity com.example.StudentServiceImpl.addStudent(String,String,Long) executed in 557 ms
 13:54:13.087 [http-nio-8080-exec-2] INFO  c.example.ExecutionTimeLoggerAspect - After executing method: ResponseEntity com.example.StudentServiceImpl.addStudent(String,String,Long)
 13:56:06.068 [SpringApplicationShutdownHook] INFO  o.s.o.j.LocalContainerEntityManagerFactoryBean - Closing JPA EntityManagerFactory for persistence unit 'default'
 13:56:06.072 [SpringApplicationShutdownHook] INFO  com.zaxxer.hikari.HikariDataSource - HikariPool-1 - Shutdown initiated...
 13:56:06.084 [SpringApplicationShutdownHook] INFO  com.zaxxer.hikari.HikariDataSource - HikariPool-1 - Shutdown completed.
 13:56:14.210 [main] INFO  com.example.Application - Starting Application using Java 20.0.2 with PID 9120 (C:\Users\Asus\IdeaProjects\lab213\build\classes\java\main started by Asus in C:\Users\Asus\IdeaProjects\lab213)
 13:56:14.213 [main] INFO  com.example.Application - No active profile set, falling back to 1 default profile: "default"
 13:56:15.475 [main] INFO  o.s.d.r.c.RepositoryConfigurationDelegate - Bootstrapping Spring Data JPA repositories in DEFAULT mode.
 13:56:15.556 [main] INFO  o.s.d.r.c.RepositoryConfigurationDelegate - Finished Spring Data repository scanning in 68 ms. Found 2 JPA repository interfaces.
 13:56:17.449 [main] INFO  o.s.b.w.e.tomcat.TomcatWebServer - Tomcat initialized with port 8080 (http)
 13:56:17.478 [main] INFO  o.a.coyote.http11.Http11NioProtocol - Initializing ProtocolHandler ["http-nio-8080"]
 13:56:17.481 [main] INFO  o.a.catalina.core.StandardService - Starting service [Tomcat]
 13:56:17.482 [main] INFO  o.a.catalina.core.StandardEngine - Starting Servlet engine: [Apache Tomcat/10.1.19]
 13:56:17.644 [main] INFO  o.a.c.c.C.[Tomcat].[localhost].[/] - Initializing Spring embedded WebApplicationContext
 13:56:17.644 [main] INFO  o.s.b.w.s.c.ServletWebServerApplicationContext - Root WebApplicationContext: initialization completed in 3294 ms
 13:56:18.187 [main] INFO  o.h.jpa.internal.util.LogHelper - HHH000204: Processing PersistenceUnitInfo [name: default]
 13:56:18.318 [main] INFO  org.hibernate.Version - HHH000412: Hibernate ORM core version 6.4.4.Final
 13:56:18.381 [main] INFO  o.h.c.i.RegionFactoryInitiator - HHH000026: Second-level cache disabled
 13:56:18.882 [main] INFO  o.s.o.j.p.SpringPersistenceUnitInfo - No LoadTimeWeaver setup: ignoring JPA class transformer
 13:56:18.930 [main] INFO  com.zaxxer.hikari.HikariDataSource - HikariPool-1 - Starting...
 13:56:19.298 [main] INFO  com.zaxxer.hikari.pool.HikariPool - HikariPool-1 - Added connection org.postgresql.jdbc.PgConnection@1bea7b0
 13:56:19.301 [main] INFO  com.zaxxer.hikari.HikariDataSource - HikariPool-1 - Start completed.
 13:56:19.361 [main] WARN  org.hibernate.orm.deprecation - HHH90000025: PostgreSQLDialect does not need to be specified explicitly using 'hibernate.dialect' (remove the property setting and it will be selected by default)
 13:56:21.618 [main] INFO  o.h.e.t.j.p.i.JtaPlatformInitiator - HHH000489: No JTA platform available (set 'hibernate.transaction.jta.platform' to enable JTA platform integration)
 13:56:21.852 [main] INFO  o.s.o.j.LocalContainerEntityManagerFactoryBean - Initialized JPA EntityManagerFactory for persistence unit 'default'
 13:56:22.661 [main] WARN  o.s.b.a.o.j.JpaBaseConfiguration$JpaWebConfiguration - spring.jpa.open-in-view is enabled by default. Therefore, database queries may be performed during view rendering. Explicitly configure spring.jpa.open-in-view to disable this warning
 13:56:23.922 [main] INFO  o.s.b.a.e.web.EndpointLinksResolver - Exposing 1 endpoint(s) beneath base path '/actuator'
 13:56:24.026 [main] INFO  o.a.coyote.http11.Http11NioProtocol - Starting ProtocolHandler ["http-nio-8080"]
 13:56:24.062 [main] INFO  o.s.b.w.e.tomcat.TomcatWebServer - Tomcat started on port 8080 (http) with context path ''
 13:56:24.084 [main] INFO  com.example.Application - Started Application in 10.516 seconds (process running for 13.967)
 13:56:35.799 [http-nio-8080-exec-1] INFO  o.a.c.c.C.[Tomcat].[localhost].[/] - Initializing Spring DispatcherServlet 'dispatcherServlet'
 13:56:35.799 [http-nio-8080-exec-1] INFO  o.s.web.servlet.DispatcherServlet - Initializing Servlet 'dispatcherServlet'
 13:56:35.801 [http-nio-8080-exec-1] INFO  o.s.web.servlet.DispatcherServlet - Completed initialization in 1 ms
 13:56:35.911 [http-nio-8080-exec-1] INFO  com.example.GroupServiceImpl - Adding group with name: IKBO-20-22
 13:56:35.994 [http-nio-8080-exec-1] INFO  com.example.GroupServiceImpl - Group IKBO-20-22 created successfully!
 13:56:36.946 [http-nio-8080-exec-1] INFO  com.example.EmailService - Email sent successfully to: Mihalkevitc.23V@yandex.ru
 13:56:36.947 [http-nio-8080-exec-1] INFO  com.example.GroupServiceImpl - Email about IKBO-20-22 {} successfully send!
 13:56:36.967 [http-nio-8080-exec-1] INFO  c.example.ExecutionTimeLoggerAspect - ResponseEntity com.example.GroupServiceImpl.addGroup(String) executed in 1051 ms
 13:56:38.353 [http-nio-8080-exec-2] INFO  c.example.ExecutionTimeLoggerAspect - Before executing method: ResponseEntity com.example.StudentServiceImpl.addStudent(String,String,Long)
 13:56:38.353 [http-nio-8080-exec-2] INFO  com.example.StudentServiceImpl - Adding student with firstName: Vlad, lastName: Mihalkevitc, groupId: 1
 13:56:38.444 [http-nio-8080-exec-2] INFO  com.example.StudentServiceImpl - Student Vlad Mihalkevitc successfully created!
 13:56:38.930 [http-nio-8080-exec-2] INFO  com.example.EmailService - Email sent successfully to: Mihalkevitc.23V@yandex.ru
 13:56:38.931 [http-nio-8080-exec-2] INFO  com.example.StudentServiceImpl - Email about Vlad Mihalkevitc successfully send!
 13:56:38.931 [http-nio-8080-exec-2] INFO  c.example.ExecutionTimeLoggerAspect - ResponseEntity com.example.StudentServiceImpl.addStudent(String,String,Long) executed in 579 ms
 13:56:38.931 [http-nio-8080-exec-2] INFO  c.example.ExecutionTimeLoggerAspect - After executing method: ResponseEntity com.example.StudentServiceImpl.addStudent(String,String,Long)
 13:56:39.803 [http-nio-8080-exec-3] INFO  com.example.GroupServiceImpl - Fetching all groups
 13:56:39.946 [http-nio-8080-exec-3] INFO  c.example.ExecutionTimeLoggerAspect - List com.example.GroupServiceImpl.getAllGroups() executed in 143 ms
 13:56:59.974 [SpringApplicationShutdownHook] INFO  o.s.o.j.LocalContainerEntityManagerFactoryBean - Closing JPA EntityManagerFactory for persistence unit 'default'
 13:56:59.977 [SpringApplicationShutdownHook] INFO  com.zaxxer.hikari.HikariDataSource - HikariPool-1 - Shutdown initiated...
 13:56:59.995 [SpringApplicationShutdownHook] INFO  com.zaxxer.hikari.HikariDataSource - HikariPool-1 - Shutdown completed.
 14:01:56.233 [main] INFO  com.example.Application - Starting Application using Java 20.0.2 with PID 17580 (C:\Users\Asus\IdeaProjects\lab21\build\classes\java\main started by Asus in C:\Users\Asus\IdeaProjects\lab21)
 14:01:56.236 [main] INFO  com.example.Application - No active profile set, falling back to 1 default profile: "default"
 14:01:57.480 [main] INFO  o.s.d.r.c.RepositoryConfigurationDelegate - Bootstrapping Spring Data JPA repositories in DEFAULT mode.
 14:01:57.560 [main] INFO  o.s.d.r.c.RepositoryConfigurationDelegate - Finished Spring Data repository scanning in 66 ms. Found 2 JPA repository interfaces.
 14:01:59.347 [main] INFO  o.s.b.w.e.tomcat.TomcatWebServer - Tomcat initialized with port 8080 (http)
 14:01:59.365 [main] INFO  o.a.coyote.http11.Http11NioProtocol - Initializing ProtocolHandler ["http-nio-8080"]
 14:01:59.367 [main] INFO  o.a.catalina.core.StandardService - Starting service [Tomcat]
 14:01:59.368 [main] INFO  o.a.catalina.core.StandardEngine - Starting Servlet engine: [Apache Tomcat/10.1.19]
 14:01:59.474 [main] INFO  o.a.c.c.C.[Tomcat].[localhost].[/] - Initializing Spring embedded WebApplicationContext
 14:01:59.475 [main] INFO  o.s.b.w.s.c.ServletWebServerApplicationContext - Root WebApplicationContext: initialization completed in 3050 ms
 14:02:00.003 [main] INFO  o.h.jpa.internal.util.LogHelper - HHH000204: Processing PersistenceUnitInfo [name: default]
 14:02:00.147 [main] INFO  org.hibernate.Version - HHH000412: Hibernate ORM core version 6.4.4.Final
 14:02:00.221 [main] INFO  o.h.c.i.RegionFactoryInitiator - HHH000026: Second-level cache disabled
 14:02:00.721 [main] INFO  o.s.o.j.p.SpringPersistenceUnitInfo - No LoadTimeWeaver setup: ignoring JPA class transformer
 14:02:00.770 [main] INFO  com.zaxxer.hikari.HikariDataSource - HikariPool-1 - Starting...
 14:02:01.158 [main] INFO  com.zaxxer.hikari.pool.HikariPool - HikariPool-1 - Added connection org.postgresql.jdbc.PgConnection@2b058bfd
 14:02:01.161 [main] INFO  com.zaxxer.hikari.HikariDataSource - HikariPool-1 - Start completed.
 14:02:01.223 [main] WARN  org.hibernate.orm.deprecation - HHH90000025: PostgreSQLDialect does not need to be specified explicitly using 'hibernate.dialect' (remove the property setting and it will be selected by default)
 14:02:03.300 [main] INFO  o.h.e.t.j.p.i.JtaPlatformInitiator - HHH000489: No JTA platform available (set 'hibernate.transaction.jta.platform' to enable JTA platform integration)
 14:02:03.478 [main] INFO  o.s.o.j.LocalContainerEntityManagerFactoryBean - Initialized JPA EntityManagerFactory for persistence unit 'default'
 14:02:04.333 [main] WARN  o.s.b.a.o.j.JpaBaseConfiguration$JpaWebConfiguration - spring.jpa.open-in-view is enabled by default. Therefore, database queries may be performed during view rendering. Explicitly configure spring.jpa.open-in-view to disable this warning
 14:02:05.551 [main] INFO  o.s.b.a.e.web.EndpointLinksResolver - Exposing 1 endpoint(s) beneath base path '/actuator'
 14:02:05.657 [main] INFO  o.a.coyote.http11.Http11NioProtocol - Starting ProtocolHandler ["http-nio-8080"]
 14:02:05.694 [main] INFO  o.s.b.w.e.tomcat.TomcatWebServer - Tomcat started on port 8080 (http) with context path ''
 14:02:05.716 [main] INFO  com.example.Application - Started Application in 10.228 seconds (process running for 13.659)
 14:02:15.828 [http-nio-8080-exec-1] INFO  o.a.c.c.C.[Tomcat].[localhost].[/] - Initializing Spring DispatcherServlet 'dispatcherServlet'
 14:02:15.828 [http-nio-8080-exec-1] INFO  o.s.web.servlet.DispatcherServlet - Initializing Servlet 'dispatcherServlet'
 14:02:15.830 [http-nio-8080-exec-1] INFO  o.s.web.servlet.DispatcherServlet - Completed initialization in 2 ms
 14:02:15.951 [http-nio-8080-exec-1] INFO  com.example.GroupServiceImpl - Adding group with name: IKBO-20-22
 14:02:16.051 [http-nio-8080-exec-1] INFO  com.example.GroupServiceImpl - Group IKBO-20-22 created successfully!
 14:02:17.173 [http-nio-8080-exec-1] INFO  com.example.EmailService - Email sent successfully to: Mihalkevitc.23V@yandex.ru
 14:02:17.173 [http-nio-8080-exec-1] INFO  com.example.GroupServiceImpl - Email about IKBO-20-22 {} successfully send!
 14:02:17.189 [http-nio-8080-exec-1] INFO  c.example.ExecutionTimeLoggerAspect - ResponseEntity com.example.GroupServiceImpl.addGroup(String) executed in 1235 ms
 14:02:17.414 [http-nio-8080-exec-2] INFO  c.example.ExecutionTimeLoggerAspect - Before executing method: ResponseEntity com.example.StudentServiceImpl.addStudent(String,String,Long)
 14:02:17.414 [http-nio-8080-exec-2] INFO  com.example.StudentServiceImpl - Adding student with firstName: Vlad, lastName: Mihalkevitc, groupId: 1
 14:02:17.590 [http-nio-8080-exec-2] INFO  com.example.StudentServiceImpl - Student Vlad Mihalkevitc successfully created!
 14:02:18.328 [http-nio-8080-exec-2] INFO  com.example.EmailService - Email sent successfully to: Mihalkevitc.23V@yandex.ru
 14:02:18.328 [http-nio-8080-exec-2] INFO  com.example.StudentServiceImpl - Email about Vlad Mihalkevitc successfully send!
 14:02:18.329 [http-nio-8080-exec-2] INFO  c.example.ExecutionTimeLoggerAspect - ResponseEntity com.example.StudentServiceImpl.addStudent(String,String,Long) executed in 916 ms
 14:02:18.330 [http-nio-8080-exec-2] INFO  c.example.ExecutionTimeLoggerAspect - After executing method: ResponseEntity com.example.StudentServiceImpl.addStudent(String,String,Long)
 14:02:20.883 [http-nio-8080-exec-3] INFO  com.example.GroupServiceImpl - Adding group with name: IKBO-20-22
 14:02:20.887 [http-nio-8080-exec-3] INFO  com.example.GroupServiceImpl - Group IKBO-20-22 created successfully!
 14:02:21.392 [http-nio-8080-exec-3] INFO  com.example.EmailService - Email sent successfully to: Mihalkevitc.23V@yandex.ru
 14:02:21.393 [http-nio-8080-exec-3] INFO  com.example.GroupServiceImpl - Email about IKBO-20-22 {} successfully send!
 14:02:21.394 [http-nio-8080-exec-3] INFO  c.example.ExecutionTimeLoggerAspect - ResponseEntity com.example.GroupServiceImpl.addGroup(String) executed in 510 ms
 14:02:24.769 [http-nio-8080-exec-4] INFO  c.example.ExecutionTimeLoggerAspect - Before executing method: ResponseEntity com.example.StudentServiceImpl.addStudent(String,String,Long)
 14:02:24.770 [http-nio-8080-exec-4] INFO  com.example.StudentServiceImpl - Adding student with firstName: Vlad, lastName: Mihalkevitc, groupId: 1
 14:02:24.780 [http-nio-8080-exec-4] INFO  com.example.StudentServiceImpl - Student Vlad Mihalkevitc successfully created!
 14:02:25.282 [http-nio-8080-exec-4] INFO  com.example.EmailService - Email sent successfully to: Mihalkevitc.23V@yandex.ru
 14:02:25.283 [http-nio-8080-exec-4] INFO  com.example.StudentServiceImpl - Email about Vlad Mihalkevitc successfully send!
 14:02:25.283 [http-nio-8080-exec-4] INFO  c.example.ExecutionTimeLoggerAspect - ResponseEntity com.example.StudentServiceImpl.addStudent(String,String,Long) executed in 514 ms
 14:02:25.284 [http-nio-8080-exec-4] INFO  c.example.ExecutionTimeLoggerAspect - After executing method: ResponseEntity com.example.StudentServiceImpl.addStudent(String,String,Long)
 14:06:06.364 [SpringApplicationShutdownHook] INFO  o.s.o.j.LocalContainerEntityManagerFactoryBean - Closing JPA EntityManagerFactory for persistence unit 'default'
 14:06:06.367 [SpringApplicationShutdownHook] INFO  com.zaxxer.hikari.HikariDataSource - HikariPool-1 - Shutdown initiated...
 14:06:06.381 [SpringApplicationShutdownHook] INFO  com.zaxxer.hikari.HikariDataSource - HikariPool-1 - Shutdown completed.
 